<?xml version="1.0" encoding="UTF-8"?>
<testng-results ignored="0" total="1" passed="1" failed="0" skipped="0">
  <reporter-output>
  </reporter-output>
  <suite started-at="2023-04-19T16:02:22 CDT" name="Default suite" finished-at="2023-04-19T16:02:41 CDT" duration-ms="19624">
    <groups>
    </groups>
    <test started-at="2023-04-19T16:02:22 CDT" name="Default test" finished-at="2023-04-19T16:02:41 CDT" duration-ms="19624">
      <class name="recipeHackathon.scrapingDiabetes">
        <test-method is-config="true" signature="beforeTest()[pri:0, instance:recipeHackathon.scrapingDiabetes@9225652]" started-at="2023-04-19T16:02:22 CDT" name="beforeTest" finished-at="2023-04-19T16:02:33 CDT" duration-ms="10842" status="PASS">
          <reporter-output>
          </reporter-output>
        </test-method> <!-- beforeTest -->
        <test-method signature="searchRecipe()[pri:0, instance:recipeHackathon.scrapingDiabetes@9225652]" started-at="2023-04-19T16:02:33 CDT" name="searchRecipe" finished-at="2023-04-19T16:02:41 CDT" duration-ms="8730" status="PASS">
          <reporter-output>
          </reporter-output>
        </test-method> <!-- searchRecipe -->
      </class> <!-- recipeHackathon.scrapingDiabetes -->
    </test> <!-- Default test -->
  </suite> <!-- Default suite -->
</testng-results>
